<?xml version="1.0" encoding="UTF-8"?>
<testng-results skipped="0" failed="0" total="3" passed="3">
  <reporter-output>
  </reporter-output>
  <suite name="Default suite" duration-ms="47" started-at="2019-09-14T14:56:06Z" finished-at="2019-09-14T14:56:06Z">
    <groups>
    </groups>
    <test name="Default test" duration-ms="47" started-at="2019-09-14T14:56:06Z" finished-at="2019-09-14T14:56:06Z">
      <class name="package1.CustomerTest">
        <test-method status="PASS" signature="createCustomerTest()[pri:0, instance:package1.CustomerTest@2be94b0f]" name="createCustomerTest" duration-ms="12" started-at="2019-09-14T20:26:06Z" finished-at="2019-09-14T20:26:06Z">
          <reporter-output>
          </reporter-output>
        </test-method> <!-- createCustomerTest -->
        <test-method status="PASS" signature="deleteCustomerTest()[pri:0, instance:package1.CustomerTest@2be94b0f]" name="deleteCustomerTest" duration-ms="4" started-at="2019-09-14T20:26:06Z" finished-at="2019-09-14T20:26:06Z">
          <reporter-output>
          </reporter-output>
        </test-method> <!-- deleteCustomerTest -->
        <test-method status="PASS" signature="modifyCustomerTest()[pri:0, instance:package1.CustomerTest@2be94b0f]" name="modifyCustomerTest" duration-ms="2" started-at="2019-09-14T20:26:06Z" finished-at="2019-09-14T20:26:06Z">
          <reporter-output>
          </reporter-output>
        </test-method> <!-- modifyCustomerTest -->
      </class> <!-- package1.CustomerTest -->
    </test> <!-- Default test -->
  </suite> <!-- Default suite -->
</testng-results>
